TN:
SF:src/api/measurements.js
FN:5,rowToMeasurement
FN:28,measurementToRow
FN:40,getMeasurements
FN:49,saveMeasurement
FN:60,saveMeasurementsBatch
FN:72,getStudentMeasurements
FNF:6
FNH:6
FNDA:5,rowToMeasurement
FNDA:4,measurementToRow
FNDA:5,getMeasurements
FNDA:2,saveMeasurement
FNDA:1,saveMeasurementsBatch
FNDA:2,getStudentMeasurements
DA:1,1
DA:4,1
DA:5,1
DA:6,5
DA:7,5
DA:8,5
DA:9,5
DA:10,5
DA:11,5
DA:12,5
DA:13,5
DA:14,5
DA:15,5
DA:16,5
DA:17,5
DA:18,5
DA:19,5
DA:20,5
DA:21,5
DA:22,5
DA:23,5
DA:24,5
DA:25,1
DA:27,1
DA:28,1
DA:29,4
DA:30,4
DA:31,4
DA:32,4
DA:33,4
DA:34,4
DA:35,4
DA:36,4
DA:37,4
DA:39,1
DA:40,1
DA:41,5
DA:42,5
DA:43,5
DA:44,5
DA:45,5
DA:46,5
DA:48,1
DA:49,1
DA:50,2
DA:51,2
DA:52,2
DA:53,2
DA:54,2
DA:55,2
DA:56,2
DA:57,2
DA:59,1
DA:60,1
DA:61,1
DA:62,1
DA:63,1
DA:64,1
DA:65,1
DA:66,1
DA:67,1
DA:68,1
DA:69,1
DA:71,1
DA:72,1
DA:73,2
DA:74,2
DA:75,2
LF:68
LH:68
BRDA:5,0,0,5
BRDA:6,1,0,0
BRDA:7,2,0,0
BRDA:8,3,0,0
BRDA:9,4,0,0
BRDA:10,5,0,4
BRDA:10,6,0,1
BRDA:11,7,0,4
BRDA:11,8,0,1
BRDA:12,9,0,0
BRDA:13,10,0,4
BRDA:13,11,0,1
BRDA:14,12,0,4
BRDA:14,13,0,1
BRDA:15,14,0,4
BRDA:15,15,0,1
BRDA:16,16,0,4
BRDA:16,17,0,1
BRDA:17,18,0,0
BRDA:18,19,0,4
BRDA:18,20,0,1
BRDA:19,21,0,4
BRDA:19,22,0,1
BRDA:20,23,0,4
BRDA:20,24,0,1
BRDA:21,25,0,4
BRDA:21,26,0,1
BRDA:22,27,0,4
BRDA:22,28,0,1
BRDA:23,29,0,0
BRDA:24,30,0,1
BRDA:28,31,0,4
BRDA:30,32,0,3
BRDA:30,33,0,3
BRDA:30,34,0,3
BRDA:31,35,0,3
BRDA:31,36,0,3
BRDA:31,37,0,3
BRDA:32,38,0,3
BRDA:32,39,0,3
BRDA:33,40,0,3
BRDA:33,41,0,3
BRDA:33,42,0,3
BRDA:34,43,0,3
BRDA:34,44,0,3
BRDA:34,45,0,3
BRDA:35,46,0,3
BRDA:36,47,0,3
BRDA:40,48,0,5
BRDA:44,49,0,1
BRDA:41,50,0,5
BRDA:49,51,0,2
BRDA:50,52,0,2
BRDA:60,53,0,1
BRDA:62,54,0,1
BRDA:72,55,0,2
BRDA:74,56,0,3
BRF:57
BRH:50
end_of_record
TN:
SF:src/api/settings.js
FN:5,getSettings
FN:16,checkSchemaVersion
FN:22,saveSettings
FNF:3
FNH:3
FNDA:7,getSettings
FNDA:3,checkSchemaVersion
FNDA:2,saveSettings
DA:1,1
DA:4,1
DA:5,1
DA:6,7
DA:7,7
DA:8,7
DA:9,7
DA:10,7
DA:11,7
DA:12,7
DA:13,7
DA:15,1
DA:16,1
DA:17,3
DA:18,3
DA:19,3
DA:21,1
DA:22,1
DA:23,2
DA:24,2
DA:25,2
DA:26,2
DA:28,2
DA:29,2
DA:30,2
DA:31,2
DA:32,2
DA:33,2
DA:34,2
DA:35,2
LF:30
LH:30
BRDA:5,0,0,7
BRDA:11,1,0,1
BRDA:6,2,0,7
BRDA:16,3,0,3
BRDA:22,4,0,2
BRDA:26,5,0,4
BRDA:28,6,0,2
BRF:7
BRH:7
end_of_record
TN:
SF:src/api/sheetsClient.js
FN:10,initGoogleAuth
FN:37,requestAccessToken
FN:60,getValidToken
FN:72,tokenClient.callback
FN:90,revokeToken
FN:100,sheetsRequest
FN:133,withRetry
FNF:7
FNH:2
FNDA:0,initGoogleAuth
FNDA:0,requestAccessToken
FNDA:4,getValidToken
FNDA:0,tokenClient.callback
FNDA:0,revokeToken
FNDA:0,sheetsRequest
FNDA:6,withRetry
DA:1,1
DA:2,1
DA:3,1
DA:4,1
DA:5,1
DA:7,1
DA:9,1
DA:10,1
DA:11,0
DA:12,0
DA:13,0
DA:14,0
DA:15,0
DA:16,0
DA:17,0
DA:18,0
DA:19,0
DA:20,0
DA:21,0
DA:22,0
DA:23,0
DA:24,0
DA:25,0
DA:26,0
DA:27,0
DA:28,0
DA:29,0
DA:30,0
DA:31,0
DA:32,0
DA:33,0
DA:34,0
DA:36,1
DA:37,1
DA:38,0
DA:39,0
DA:40,0
DA:41,0
DA:42,0
DA:43,0
DA:44,0
DA:45,0
DA:46,0
DA:47,0
DA:48,0
DA:49,0
DA:50,0
DA:51,0
DA:52,0
DA:53,0
DA:54,0
DA:55,0
DA:56,0
DA:57,0
DA:59,1
DA:60,1
DA:61,4
DA:62,4
DA:63,4
DA:64,1
DA:65,1
DA:66,3
DA:67,3
DA:68,3
DA:69,3
DA:70,3
DA:71,3
DA:72,0
DA:73,0
DA:74,0
DA:75,0
DA:76,0
DA:77,0
DA:78,0
DA:79,0
DA:80,0
DA:81,0
DA:82,0
DA:83,0
DA:84,0
DA:85,0
DA:86,3
DA:87,3
DA:89,1
DA:90,1
DA:91,0
DA:92,0
DA:93,0
DA:94,0
DA:95,0
DA:96,0
DA:97,0
DA:99,1
DA:100,1
DA:101,0
DA:102,0
DA:103,0
DA:105,0
DA:106,0
DA:107,0
DA:108,0
DA:109,0
DA:110,0
DA:111,0
DA:112,0
DA:114,0
DA:115,0
DA:116,0
DA:117,0
DA:118,0
DA:119,0
DA:120,0
DA:121,0
DA:122,0
DA:123,0
DA:124,0
DA:125,0
DA:126,0
DA:127,0
DA:128,0
DA:129,0
DA:130,0
DA:132,1
DA:133,1
DA:134,6
DA:135,11
DA:136,11
DA:137,11
DA:138,8
DA:139,5
DA:140,5
DA:141,5
DA:142,3
DA:143,3
DA:144,11
DA:145,5
LF:136
LH:43
BRDA:60,0,0,4
BRDA:63,1,0,3
BRDA:63,2,0,3
BRDA:63,3,0,1
BRDA:65,4,0,3
BRDA:67,5,0,3
BRDA:71,6,0,0
BRDA:133,7,0,6
BRDA:134,8,0,11
BRDA:137,9,0,8
BRDA:138,10,0,6
BRDA:138,11,0,5
BRDA:141,12,0,3
BRDA:144,13,0,5
BRDA:139,14,0,5
BRF:15
BRH:14
end_of_record
TN:
SF:src/api/students.js
FN:5,rowToStudent
FN:18,studentToRow
FN:25,getStudents
FN:34,addStudent
FN:45,updateStudent
FN:57,bulkAddStudents
FNF:6
FNH:6
FNDA:6,rowToStudent
FNDA:5,studentToRow
FNDA:6,getStudents
FNDA:1,addStudent
FNDA:2,updateStudent
FNDA:1,bulkAddStudents
DA:1,1
DA:4,1
DA:5,1
DA:6,6
DA:7,6
DA:8,6
DA:9,6
DA:10,6
DA:11,6
DA:12,6
DA:13,6
DA:14,6
DA:15,1
DA:17,1
DA:18,1
DA:19,5
DA:20,5
DA:21,5
DA:22,5
DA:24,1
DA:25,1
DA:26,6
DA:27,6
DA:28,6
DA:29,6
DA:30,6
DA:31,6
DA:33,1
DA:34,1
DA:35,1
DA:36,1
DA:37,1
DA:38,1
DA:39,1
DA:40,1
DA:41,1
DA:42,1
DA:44,1
DA:45,1
DA:46,2
DA:47,2
DA:48,2
DA:49,2
DA:50,2
DA:51,2
DA:52,2
DA:53,2
DA:54,2
DA:56,1
DA:57,1
DA:58,1
DA:59,1
DA:60,1
DA:61,1
DA:62,1
DA:63,1
DA:64,1
DA:65,1
DA:66,1
LF:59
LH:59
BRDA:5,0,0,6
BRDA:6,1,0,0
BRDA:7,2,0,1
BRDA:8,3,0,1
BRDA:9,4,0,1
BRDA:10,5,0,1
BRDA:11,6,0,1
BRDA:12,7,0,1
BRDA:13,8,0,1
BRDA:18,9,0,5
BRDA:21,10,0,3
BRDA:21,11,0,0
BRDA:25,12,0,6
BRDA:29,13,0,1
BRDA:26,14,0,6
BRDA:34,15,0,1
BRDA:35,16,0,1
BRDA:45,17,0,2
BRDA:47,18,0,2
BRDA:57,19,0,1
BRDA:59,20,0,1
BRF:21
BRH:19
end_of_record
TN:
SF:src/components/measurement/MeasurementStatusBadge.jsx
FN:1,MeasurementStatusBadge
FNF:1
FNH:1
FNDA:10,MeasurementStatusBadge
DA:1,1
DA:2,10
DA:3,10
DA:4,10
DA:5,10
DA:6,10
DA:7,10
DA:8,10
DA:9,10
DA:10,10
DA:11,10
DA:13,10
LF:12
LH:12
BRDA:1,0,0,10
BRDA:7,1,0,2
BRF:2
BRH:2
end_of_record
TN:
SF:src/components/ui/GradeBadge.jsx
FN:3,GradeBadge
FNF:1
FNH:1
FNDA:17,GradeBadge
DA:1,1
DA:3,1
DA:4,17
DA:6,14
DA:7,1
DA:8,13
DA:10,17
DA:11,17
DA:12,17
DA:13,17
DA:15,17
DA:16,17
DA:18,17
LF:13
LH:13
BRDA:3,0,0,17
BRDA:4,1,0,3
BRDA:4,2,0,14
BRDA:6,3,0,1
BRDA:7,4,0,13
BRDA:15,5,0,5
BRF:6
BRH:6
end_of_record
TN:
SF:src/constants/paps.js
FNF:0
FNH:0
DA:1,1
DA:2,1
DA:3,1
DA:4,1
DA:5,1
DA:6,1
DA:8,1
DA:9,1
DA:10,1
DA:11,1
DA:13,1
DA:14,1
DA:15,1
DA:16,1
DA:18,1
DA:19,1
DA:20,1
DA:21,1
DA:22,1
DA:24,1
DA:25,1
DA:26,1
DA:27,1
DA:28,1
DA:29,1
DA:30,1
DA:31,1
DA:33,1
DA:34,1
DA:35,1
DA:36,1
DA:37,1
DA:38,1
DA:39,1
DA:41,1
DA:42,1
DA:44,1
DA:45,1
DA:46,1
DA:47,1
DA:48,1
DA:49,1
DA:50,1
DA:51,1
DA:53,1
DA:54,1
DA:55,1
DA:56,1
DA:57,1
DA:58,1
DA:59,1
DA:60,1
DA:61,1
DA:62,1
DA:63,1
DA:64,1
DA:65,1
LF:57
LH:57
BRF:0
BRH:0
end_of_record
TN:
SF:src/lib/utils.js
FN:4,cn
FNF:1
FNH:1
FNDA:11,cn
DA:1,1
DA:4,1
DA:5,11
DA:6,11
LF:4
LH:4
BRDA:4,0,0,11
BRF:1
BRH:1
end_of_record
TN:
SF:src/store/authStore.js
FN:6,__vite_ssr_import_0__.create.__vite_ssr_import_1__.persist.name
FN:9,setUser
FN:10,clearUser
FNF:3
FNH:3
FNDA:1,__vite_ssr_import_0__.create.__vite_ssr_import_1__.persist.name
FNDA:3,setUser
FNDA:1,clearUser
DA:1,1
DA:4,1
DA:5,1
DA:6,1
DA:7,1
DA:8,1
DA:9,1
DA:10,1
DA:11,1
DA:12,1
DA:13,1
DA:14,1
LF:12
LH:12
BRDA:6,0,0,1
BRDA:9,1,0,3
BRDA:10,2,0,1
BRF:3
BRH:3
end_of_record
TN:
SF:src/store/settingsStore.js
FN:6,__vite_ssr_import_0__.create.__vite_ssr_import_1__.persist.name
FN:12,setSheetId
FN:13,setSchoolInfo
FN:14,completeOnboarding
FN:15,resetSettings
FNF:5
FNH:5
FNDA:1,__vite_ssr_import_0__.create.__vite_ssr_import_1__.persist.name
FNDA:2,setSheetId
FNDA:2,setSchoolInfo
FNDA:2,completeOnboarding
FNDA:1,resetSettings
DA:1,1
DA:4,1
DA:5,1
DA:6,1
DA:7,1
DA:8,1
DA:9,1
DA:10,1
DA:11,1
DA:12,1
DA:13,1
DA:14,1
DA:15,1
DA:16,1
DA:17,1
DA:18,1
DA:19,1
DA:20,1
DA:21,1
DA:22,1
DA:23,1
DA:24,1
DA:25,1
DA:26,1
LF:24
LH:24
BRDA:6,0,0,1
BRDA:12,1,0,2
BRDA:13,2,0,2
BRDA:14,3,0,2
BRDA:15,4,0,1
BRF:5
BRH:5
end_of_record
TN:
SF:src/store/toastStore.js
FN:5,addToast
FN:13,removeToast
FN:19,success
FN:20,error
FN:21,info
FNF:5
FNH:5
FNDA:7,addToast
FNDA:2,removeToast
FNDA:1,success
FNDA:1,error
FNDA:1,info
DA:1,1
DA:3,1
DA:4,1
DA:5,1
DA:6,7
DA:7,7
DA:8,7
DA:9,7
DA:10,7
DA:11,7
DA:12,1
DA:13,1
DA:14,1
DA:15,1
DA:17,1
DA:18,1
DA:19,1
DA:20,1
DA:21,1
DA:22,1
LF:20
LH:20
BRDA:3,0,0,1
BRDA:5,1,0,7
BRDA:7,2,0,7
BRDA:13,3,0,2
BRDA:14,4,0,2
BRDA:14,5,0,3
BRDA:19,6,0,1
BRDA:20,7,0,1
BRDA:21,8,0,1
BRF:9
BRH:9
end_of_record
TN:
SF:src/utils/bmiCalc.js
FN:2,calcBMI
FN:9,calcBMIGrade
FNF:2
FNH:2
FNDA:11,calcBMI
FNDA:18,calcBMIGrade
DA:1,1
DA:2,1
DA:3,11
DA:4,5
DA:5,5
DA:6,5
DA:8,1
DA:9,1
DA:10,18
DA:11,18
DA:12,18
DA:13,16
DA:14,16
DA:15,3
DA:16,3
LF:15
LH:15
BRDA:2,0,0,11
BRDA:3,1,0,7
BRDA:3,2,0,6
BRDA:3,3,0,5
BRDA:9,4,0,18
BRDA:10,5,0,17
BRDA:10,6,0,2
BRDA:10,7,0,16
BRDA:11,8,0,2
BRDA:11,9,0,14
BRDA:12,10,0,5
BRDA:12,11,0,16
BRDA:12,12,0,9
BRDA:13,13,0,3
BRDA:13,14,0,6
BRDA:14,15,0,3
BRF:16
BRH:16
end_of_record
TN:
SF:src/utils/gradeCalc.js
FN:2,calcGrade
FN:34,calcTotalGrade
FN:43,buildGrades
FNF:3
FNH:3
FNDA:30,calcGrade
FNDA:9,calcTotalGrade
FNDA:4,buildGrades
DA:1,1
DA:2,1
DA:3,30
DA:5,27
DA:6,27
DA:7,27
DA:8,30
DA:10,24
DA:11,24
DA:12,24
DA:13,24
DA:14,24
DA:15,24
DA:16,24
DA:18,30
DA:19,16
DA:20,16
DA:21,16
DA:22,16
DA:23,2
DA:24,30
DA:25,8
DA:26,8
DA:27,8
DA:28,8
DA:29,1
DA:30,1
DA:31,30
DA:33,1
DA:34,1
DA:35,9
DA:36,9
DA:37,7
DA:38,7
DA:42,1
DA:43,1
DA:44,4
DA:45,2
DA:46,2
DA:48,2
DA:49,2
DA:50,2
DA:51,2
DA:52,2
DA:53,2
DA:54,2
DA:55,2
DA:56,2
DA:57,2
DA:58,2
DA:59,2
DA:60,2
DA:61,2
DA:62,2
DA:63,2
DA:64,2
DA:65,2
DA:66,2
DA:68,2
DA:69,2
LF:60
LH:60
BRDA:2,0,0,30
BRDA:3,1,0,29
BRDA:3,2,0,28
BRDA:3,3,0,3
BRDA:3,4,0,27
BRDA:8,5,0,3
BRDA:8,6,0,24
BRDA:18,7,0,16
BRDA:19,8,0,8
BRDA:20,9,0,2
BRDA:20,10,0,6
BRDA:21,11,0,2
BRDA:21,12,0,4
BRDA:22,13,0,2
BRDA:24,14,0,8
BRDA:25,15,0,4
BRDA:26,16,0,1
BRDA:26,17,0,3
BRDA:27,18,0,1
BRDA:27,19,0,2
BRDA:28,20,0,1
BRDA:6,21,0,39
BRDA:6,22,0,38
BRDA:6,23,0,37
BRDA:34,24,0,9
BRDA:36,25,0,2
BRDA:36,26,0,7
BRDA:35,27,0,31
BRDA:35,28,0,28
BRDA:37,29,0,26
BRDA:43,30,0,4
BRDA:44,31,0,3
BRDA:44,32,0,2
BRF:33
BRH:33
end_of_record
TN:
SF:src/utils/validators.js
FNF:0
FNH:0
DA:1,1
DA:3,1
DA:4,1
DA:5,1
DA:6,1
DA:7,1
DA:8,1
DA:9,1
DA:10,1
DA:11,1
DA:13,1
DA:14,1
DA:15,1
DA:16,1
DA:17,1
DA:18,1
DA:19,1
DA:20,1
DA:21,1
LF:19
LH:19
BRF:0
BRH:0
end_of_record
